<?xml version="1.0" encoding="UTF-8"?>
<testng-results ignored="0" total="1" passed="1" failed="0" skipped="0">
  <reporter-output>
  </reporter-output>
  <suite started-at="2023-12-03T19:30:15 GMT+05:30" name="Default suite" finished-at="2023-12-03T19:30:16 GMT+05:30" duration-ms="126">
    <groups>
    </groups>
    <test started-at="2023-12-03T19:30:15 GMT+05:30" name="Default test" finished-at="2023-12-03T19:30:16 GMT+05:30" duration-ms="126">
      <class name="Jenkins.Parameters">
        <test-method signature="demo()[pri:0, instance:Jenkins.Parameters@409bf450]" started-at="2023-12-03T19:30:16 GMT+05:30" name="demo" finished-at="2023-12-03T19:30:16 GMT+05:30" duration-ms="18" status="PASS">
          <reporter-output>
          </reporter-output>
        </test-method> <!-- demo -->
      </class> <!-- Jenkins.Parameters -->
    </test> <!-- Default test -->
  </suite> <!-- Default suite -->
</testng-results>
